<?xml version="1.0" encoding="UTF-8"?>
<!-- Generated by org.testng.reporters.JUnitReportReporter -->
<testsuite hostname="DESKTOP-75VEL8U" failures="0" tests="1" name="TestCases.checkouttestcase" time="3.159" errors="0" timestamp="2025-08-22T22:59:44 IST" skipped="0">
  <testcase classname="TestCases.checkouttestcase" name="checkout" time="3.159"/>
</testsuite> <!-- TestCases.checkouttestcase -->
