<?xml version="1.0" encoding="UTF-8"?>
<!-- Generated by org.testng.reporters.JUnitReportReporter -->
<testsuite hostname="DESKTOP-75VEL8U" failures="0" tests="1" name="TestCases.LoginTestcases" time="2.070" errors="0" timestamp="2025-08-13T12:11:35 IST" skipped="0">
  <testcase classname="TestCases.LoginTestcases" name="loginBycorrectCredential" time="2.070"/>
</testsuite> <!-- TestCases.LoginTestcases -->
