<?xml version="1.0" encoding="UTF-8"?>
<!-- Generated by org.testng.reporters.JUnitReportReporter -->
<testsuite hostname="DESKTOP-75VEL8U" failures="0" tests="1" name="TestCases.AddTocartTestcase" time="2.241" errors="0" timestamp="2025-08-14T22:50:06 IST" skipped="0">
  <testcase classname="TestCases.AddTocartTestcase" name="clickonAddtocart" time="2.241"/>
</testsuite> <!-- TestCases.AddTocartTestcase -->
