<?xml version="1.0" encoding="UTF-8"?>
<!-- Generated by org.testng.reporters.JUnitReportReporter -->
<testsuite hostname="DESKTOP-75VEL8U" failures="0" tests="1" name="TestCases.LoginTestcases" time="1.695" errors="0" timestamp="2025-08-13T15:35:53 IST" skipped="0">
  <testcase classname="TestCases.LoginTestcases" name="loginBycorrectCredential" time="1.695"/>
</testsuite> <!-- TestCases.LoginTestcases -->
